Using pre-set license
Built from '2020.2/release' branch; Version is '2020.2.2f1 (068178b99f32) revision 426360'; Using compiler version '192528614'; Build Type 'Release'
OS: 'Windows 10 Pro; OS build 19041.804; Version 2004; 64bit' Language: 'en' Physical Memory: 16265 MB
BatchMode: 1, IsHumanControllingUs: 0, StartBugReporterOnCrash: 0, Is64bit: 1, IsPro: 0

 COMMAND LINE ARGUMENTS:
C:\Program Files\Unity\Hub\Editor\2020.2.2f1\Editor\Unity.exe
-adb2
-batchMode
-noUpm
-name
AssetImportWorker0
-projectPath
C:/Users/Laptop/Documents/DigisCool/Unity/Platformer
-logFile
Logs/AssetImportWorker0.log
-srvPort
60524
Successfully changed project path to: C:/Users/Laptop/Documents/DigisCool/Unity/Platformer
C:/Users/Laptop/Documents/DigisCool/Unity/Platformer
Using Asset Import Pipeline V2.
Refreshing native plugins compatible for Editor in 41.32 ms, found 1 plugins.
Preloading 0 native plugins for Editor in 0.00 ms.
Initialize engine version: 2020.2.2f1 (068178b99f32)
[Subsystems] Discovering subsystems at path C:/Program Files/Unity/Hub/Editor/2020.2.2f1/Editor/Data/Resources/UnitySubsystems
[Subsystems] Discovering subsystems at path C:/Users/Laptop/Documents/DigisCool/Unity/Platformer/Assets
GfxDevice: creating device client; threaded=0
Direct3D:
    Version:  Direct3D 11.0 [level 11.0]
    Renderer: NVIDIA Quadro K2100M (ID=0x11fc)
    Vendor:   
    VRAM:     2007 MB
    Driver:   23.21.13.9065
Initialize mono
Mono path[0] = 'C:/Program Files/Unity/Hub/Editor/2020.2.2f1/Editor/Data/Managed'
Mono path[1] = 'C:/Program Files/Unity/Hub/Editor/2020.2.2f1/Editor/Data/MonoBleedingEdge/lib/mono/unityjit'
Mono config path = 'C:/Program Files/Unity/Hub/Editor/2020.2.2f1/Editor/Data/MonoBleedingEdge/etc'
Using monoOptions --debugger-agent=transport=dt_socket,embedding=1,server=y,suspend=n,address=127.0.0.1:56940
Begin MonoManager ReloadAssembly
Registering precompiled unity dll's ...
Register platform support module: C:/Program Files/Unity/Hub/Editor/2020.2.2f1/Editor/Data/PlaybackEngines/WindowsStandaloneSupport/UnityEditor.WindowsStandalone.Extensions.dll
Registered in 0.002187 seconds.
Native extension for WindowsStandalone target not found
Refreshing native plugins compatible for Editor in 42.94 ms, found 1 plugins.
Preloading 0 native plugins for Editor in 0.00 ms.
Invoked RoslynAnalysisRunner static constructor.
RoslynAnalysisRunner will not be running.
RoslynAnalysisRunner has terminated.
Mono: successfully reloaded assembly
- Completed reload, in  1.147 seconds
Platform modules already initialized, skipping
Registering precompiled user dll's ...
Registered in 0.001086 seconds.
Begin MonoManager ReloadAssembly
Native extension for WindowsStandalone target not found
Refreshing native plugins compatible for Editor in 42.81 ms, found 1 plugins.
Preloading 0 native plugins for Editor in 0.00 ms.
Invoked RoslynAnalysisRunner static constructor.
RoslynAnalysisRunner will not be running.
RoslynAnalysisRunner has terminated.
Mono: successfully reloaded assembly
- Completed reload, in  1.092 seconds
Platform modules already initialized, skipping
========================================================================
Worker process is ready to serve import requests
Launched and connected shader compiler UnityShaderCompiler.exe after 0.05 seconds
Refreshing native plugins compatible for Editor in 0.45 ms, found 1 plugins.
Preloading 0 native plugins for Editor in 0.00 ms.
Unloading 1792 Unused Serialized files (Serialized files now loaded: 0)
System memory in use before: 84.2 MB.
System memory in use after: 84.1 MB.

Unloading 24 unused Assets to reduce memory usage. Loaded Objects now: 2233.
Total: 3.034400 ms (FindLiveObjects: 0.301300 ms CreateObjectMapping: 0.195300 ms MarkObjects: 2.386900 ms  DeleteObjects: 0.150000 ms)

========================================================================
Received Import Request.
  path: Assets
  artifactKey: Guid(00000000000000001000000000000000) Importer(815301076,1909f56bfc062723c751e8b465ee728b)
Start importing Assets using Guid(00000000000000001000000000000000) Importer(815301076,1909f56bfc062723c751e8b465ee728b)  -> (artifact id: '4a6e520b92ccfc61bcfa21a7bcab8468') in 0.019441 seconds
  Import took 0.025476 seconds .

========================================================================
Received Import Request.
  Time since last request: 1.099772 seconds.
  path: Assets/Stuffs
  artifactKey: Guid(6d9cb0e01e428a04ba04ed83d0503117) Importer(815301076,1909f56bfc062723c751e8b465ee728b)
Start importing Assets/Stuffs using Guid(6d9cb0e01e428a04ba04ed83d0503117) Importer(815301076,1909f56bfc062723c751e8b465ee728b)  -> (artifact id: '35f2983d0a34e784b22893c4ea100ee5') in 0.008795 seconds
  Import took 0.012842 seconds .

========================================================================
Received Import Request.
  Time since last request: 1.416459 seconds.
  path: Assets/Hero
  artifactKey: Guid(28322b4210b8f744980881cdcc855334) Importer(815301076,1909f56bfc062723c751e8b465ee728b)
Start importing Assets/Hero using Guid(28322b4210b8f744980881cdcc855334) Importer(815301076,1909f56bfc062723c751e8b465ee728b)  -> (artifact id: '9072a9ffa39ac5bdbd97dc5bc42a80d5') in 0.010027 seconds
  Import took 0.014979 seconds .

========================================================================
Received Import Request.
  Time since last request: 0.838373 seconds.
  path: Assets/Level Design/Layer1.png
  artifactKey: Guid(efed42d61a866a943853b3f7f68fcb45) Importer(815301076,1909f56bfc062723c751e8b465ee728b)
Start importing Assets/Level Design/Layer1.png using Guid(efed42d61a866a943853b3f7f68fcb45) Importer(815301076,1909f56bfc062723c751e8b465ee728b)  -> (artifact id: '9146502006df2c969f9463af0a440dcd') in 0.132697 seconds
  Import took 0.137394 seconds .

========================================================================
Received Import Request.
  Time since last request: 0.000248 seconds.
  path: Assets/Level Design/Layer5.png
  artifactKey: Guid(27834ac7e9a5bc24a8ffb9d82a0a74e7) Importer(815301076,1909f56bfc062723c751e8b465ee728b)
Start importing Assets/Level Design/Layer5.png using Guid(27834ac7e9a5bc24a8ffb9d82a0a74e7) Importer(815301076,1909f56bfc062723c751e8b465ee728b)  -> (artifact id: 'e8e30b2a3c156f7919a0b236a7533449') in 0.029308 seconds
  Import took 0.033983 seconds .

========================================================================
Received Import Request.
  Time since last request: 0.000256 seconds.
  path: Assets/Level Design
  artifactKey: Guid(930930a64c3e9a942a7edd3c55a4e4b4) Importer(815301076,1909f56bfc062723c751e8b465ee728b)
Start importing Assets/Level Design using Guid(930930a64c3e9a942a7edd3c55a4e4b4) Importer(815301076,1909f56bfc062723c751e8b465ee728b)  -> (artifact id: '09e88a53a389deca5c20e8dee2ee4c4f') in 0.012132 seconds
  Import took 0.018166 seconds .

========================================================================
Received Import Request.
  Time since last request: 0.000323 seconds.
  path: Assets/Level Design/Layer3.png
  artifactKey: Guid(2291683f827d4484486cca72cedbc36f) Importer(815301076,1909f56bfc062723c751e8b465ee728b)
Start importing Assets/Level Design/Layer3.png using Guid(2291683f827d4484486cca72cedbc36f) Importer(815301076,1909f56bfc062723c751e8b465ee728b)  -> (artifact id: '9fd16e3b26315d9f8edf0cf56404c055') in 0.027061 seconds
  Import took 0.032265 seconds .

========================================================================
Received Import Request.
  Time since last request: 0.000641 seconds.
  path: Assets/Level Design/Tile.png
  artifactKey: Guid(b4fe097dc8b6a5840bfdb34245fdc779) Importer(815301076,1909f56bfc062723c751e8b465ee728b)
Start importing Assets/Level Design/Tile.png using Guid(b4fe097dc8b6a5840bfdb34245fdc779) Importer(815301076,1909f56bfc062723c751e8b465ee728b)  -> (artifact id: '89c4ca677b8aa2c0391435d03a940c63') in 0.027679 seconds
  Import took 0.031554 seconds .

========================================================================
Received Import Request.
  Time since last request: 0.000231 seconds.
  path: Assets/Level Design/Layer2.png
  artifactKey: Guid(9eda8f2d79703f84d97fe7deb85d0266) Importer(815301076,1909f56bfc062723c751e8b465ee728b)
Start importing Assets/Level Design/Layer2.png using Guid(9eda8f2d79703f84d97fe7deb85d0266) Importer(815301076,1909f56bfc062723c751e8b465ee728b)  -> (artifact id: '9306a47f9ea0dd0c3bbec305dbc97ab9') in 0.030121 seconds
  Import took 0.035388 seconds .

========================================================================
Received Import Request.
  Time since last request: 433.513637 seconds.
  path: Assets/Stuffs/Level Design/Tile.png
  artifactKey: Guid(b4fe097dc8b6a5840bfdb34245fdc779) Importer(815301076,1909f56bfc062723c751e8b465ee728b)
Start importing Assets/Stuffs/Level Design/Tile.png using Guid(b4fe097dc8b6a5840bfdb34245fdc779) Importer(815301076,1909f56bfc062723c751e8b465ee728b)  -> (artifact id: '691b4166874afb43b46c6f4e91cda6fa') in 0.021614 seconds
  Import took 0.025996 seconds .

========================================================================
Received Import Request.
  Time since last request: 46.423863 seconds.
  path: Assets/Stuffs/Prefabs
  artifactKey: Guid(070db5cded8786544bd33536a0dea941) Importer(815301076,1909f56bfc062723c751e8b465ee728b)
Start importing Assets/Stuffs/Prefabs using Guid(070db5cded8786544bd33536a0dea941) Importer(815301076,1909f56bfc062723c751e8b465ee728b)  -> (artifact id: 'c54867687971d43c88b0a2ebb3dcf76b') in 0.009548 seconds
  Import took 0.013246 seconds .

========================================================================
Received Import Request.
  Time since last request: 0.000441 seconds.
  path: Assets/Stuffs/Prefabs
  artifactKey: Guid(070db5cded8786544bd33536a0dea941) Importer(815301076,1909f56bfc062723c751e8b465ee728b)
Start importing Assets/Stuffs/Prefabs using Guid(070db5cded8786544bd33536a0dea941) Importer(815301076,1909f56bfc062723c751e8b465ee728b)  -> (artifact id: 'c54867687971d43c88b0a2ebb3dcf76b') in 0.003329 seconds
  Import took 0.006681 seconds .

========================================================================
Received Import Request.
  Time since last request: 8.665586 seconds.
  path: Assets/Stuffs/Prefabs/Tile.prefab
  artifactKey: Guid(07b91eeec7359c947950eb89ad31eedc) Importer(815301076,1909f56bfc062723c751e8b465ee728b)
Start importing Assets/Stuffs/Prefabs/Tile.prefab using Guid(07b91eeec7359c947950eb89ad31eedc) Importer(815301076,1909f56bfc062723c751e8b465ee728b)  -> (artifact id: '15cad7276677ff06ca3bb120a430abc7') in 0.049181 seconds
  Import took 0.053997 seconds .

========================================================================
Received Import Request.
  Time since last request: 0.003550 seconds.
  path: Assets/Stuffs/Prefabs/Tile.prefab
  artifactKey: Guid(07b91eeec7359c947950eb89ad31eedc) Importer(815301076,1909f56bfc062723c751e8b465ee728b)
Start importing Assets/Stuffs/Prefabs/Tile.prefab using Guid(07b91eeec7359c947950eb89ad31eedc) Importer(815301076,1909f56bfc062723c751e8b465ee728b)  -> (artifact id: '15cad7276677ff06ca3bb120a430abc7') in 0.011829 seconds
  Import took 0.016367 seconds .

========================================================================
Received Import Request.
  Time since last request: 307.253273 seconds.
  path: Assets/Stuffs/Hero/Idle
  artifactKey: Guid(5a2136cfc1360304b9f6906886b1b42b) Importer(815301076,1909f56bfc062723c751e8b465ee728b)
Start importing Assets/Stuffs/Hero/Idle using Guid(5a2136cfc1360304b9f6906886b1b42b) Importer(815301076,1909f56bfc062723c751e8b465ee728b)  -> (artifact id: '9a7eaceee36d0098af5d14424d59dde1') in 0.009779 seconds
  Import took 0.014189 seconds .

========================================================================
Received Import Request.
  Time since last request: 0.046679 seconds.
  path: Assets/Stuffs/Hero/Idle/frame-1.png
  artifactKey: Guid(c04069ec3616d1840bfb0c4452e91fae) Importer(815301076,1909f56bfc062723c751e8b465ee728b)
Start importing Assets/Stuffs/Hero/Idle/frame-1.png using Guid(c04069ec3616d1840bfb0c4452e91fae) Importer(815301076,1909f56bfc062723c751e8b465ee728b)  -> (artifact id: '25389093466c34f1afada4f00471a25c') in 0.034894 seconds
  Import took 0.039582 seconds .

========================================================================
Received Import Request.
  Time since last request: 0.000302 seconds.
  path: Assets/Stuffs/Hero/Idle/frame-2.png
  artifactKey: Guid(c1c46f287c1a5d34baf2cf0f158290a8) Importer(815301076,1909f56bfc062723c751e8b465ee728b)
Start importing Assets/Stuffs/Hero/Idle/frame-2.png using Guid(c1c46f287c1a5d34baf2cf0f158290a8) Importer(815301076,1909f56bfc062723c751e8b465ee728b)  -> (artifact id: 'ac30d8e9203fb3bce5329bdb0deeecc4') in 0.028444 seconds
  Import took 0.032256 seconds .

========================================================================
Received Import Request.
  Time since last request: 0.000774 seconds.
  path: Assets/Stuffs/Hero/Idle/frame-2.png
  artifactKey: Guid(c1c46f287c1a5d34baf2cf0f158290a8) Importer(815301076,1909f56bfc062723c751e8b465ee728b)
Start importing Assets/Stuffs/Hero/Idle/frame-2.png using Guid(c1c46f287c1a5d34baf2cf0f158290a8) Importer(815301076,1909f56bfc062723c751e8b465ee728b)  -> (artifact id: 'ac30d8e9203fb3bce5329bdb0deeecc4') in 0.018897 seconds
  Import took 0.023089 seconds .

========================================================================
Received Import Request.
  Time since last request: 192.575900 seconds.
  path: Assets/Stuffs/Scripts
  artifactKey: Guid(d70ff5aac4edae943a471240d6eddc42) Importer(815301076,1909f56bfc062723c751e8b465ee728b)
Start importing Assets/Stuffs/Scripts using Guid(d70ff5aac4edae943a471240d6eddc42) Importer(815301076,1909f56bfc062723c751e8b465ee728b)  -> (artifact id: '964021a4879ca2413aebebf85df4dd20') in 0.009077 seconds
  Import took 0.014434 seconds .

========================================================================
Received Prepare
Registering precompiled user dll's ...
Registered in 0.001126 seconds.
Begin MonoManager ReloadAssembly
Native extension for WindowsStandalone target not found
Refreshing native plugins compatible for Editor in 0.41 ms, found 1 plugins.
Preloading 0 native plugins for Editor in 0.00 ms.
Invoked RoslynAnalysisRunner static constructor.
RoslynAnalysisRunner will not be running.
RoslynAnalysisRunner has terminated.
Mono: successfully reloaded assembly
- Completed reload, in  0.953 seconds
Platform modules already initialized, skipping
Refreshing native plugins compatible for Editor in 0.43 ms, found 1 plugins.
Preloading 0 native plugins for Editor in 0.00 ms.
Unloading 1788 Unused Serialized files (Serialized files now loaded: 0)
System memory in use before: 87.3 MB.
System memory in use after: 87.3 MB.

Unloading 12 unused Assets to reduce memory usage. Loaded Objects now: 2251.
Total: 2.990900 ms (FindLiveObjects: 0.292900 ms CreateObjectMapping: 0.199000 ms MarkObjects: 2.361100 ms  DeleteObjects: 0.136800 ms)

========================================================================
Received Import Request.
  Time since last request: 12.878639 seconds.
  path: Assets/Stuffs/Scripts/NewBehaviourScript.cs
  artifactKey: Guid(f71558d0578c3f54186943ac291e83ae) Importer(815301076,1909f56bfc062723c751e8b465ee728b)
Start importing Assets/Stuffs/Scripts/NewBehaviourScript.cs using Guid(f71558d0578c3f54186943ac291e83ae) Importer(815301076,1909f56bfc062723c751e8b465ee728b)  -> (artifact id: '95dfed52a2a2483c07afcaf0abee6a73') in 0.039372 seconds
  Import took 0.046324 seconds .

========================================================================
Received Import Request.
  Time since last request: 4.063260 seconds.
  path: Assets/Stuffs/Scripts/Hero.cs
  artifactKey: Guid(f71558d0578c3f54186943ac291e83ae) Importer(815301076,1909f56bfc062723c751e8b465ee728b)
Start importing Assets/Stuffs/Scripts/Hero.cs using Guid(f71558d0578c3f54186943ac291e83ae) Importer(815301076,1909f56bfc062723c751e8b465ee728b)  -> (artifact id: '434e3eae3efcffa63795d37cf9f361d8') in 0.004381 seconds
  Import took 0.008193 seconds .

========================================================================
Received Prepare
Registering precompiled user dll's ...
Registered in 0.001075 seconds.
Begin MonoManager ReloadAssembly
Native extension for WindowsStandalone target not found
Refreshing native plugins compatible for Editor in 0.46 ms, found 1 plugins.
Preloading 0 native plugins for Editor in 0.00 ms.
Invoked RoslynAnalysisRunner static constructor.
RoslynAnalysisRunner will not be running.
RoslynAnalysisRunner has terminated.
Mono: successfully reloaded assembly
- Completed reload, in  0.993 seconds
Platform modules already initialized, skipping
Refreshing native plugins compatible for Editor in 0.46 ms, found 1 plugins.
Preloading 0 native plugins for Editor in 0.00 ms.
Unloading 1788 Unused Serialized files (Serialized files now loaded: 0)
System memory in use before: 87.4 MB.
System memory in use after: 87.4 MB.

Unloading 12 unused Assets to reduce memory usage. Loaded Objects now: 2254.
Total: 3.314000 ms (FindLiveObjects: 0.368100 ms CreateObjectMapping: 0.096100 ms MarkObjects: 2.707700 ms  DeleteObjects: 0.139100 ms)

========================================================================
Received Prepare
Registering precompiled user dll's ...
Registered in 0.001168 seconds.
Begin MonoManager ReloadAssembly
Native extension for WindowsStandalone target not found
Refreshing native plugins compatible for Editor in 0.41 ms, found 1 plugins.
Preloading 0 native plugins for Editor in 0.00 ms.
Invoked RoslynAnalysisRunner static constructor.
RoslynAnalysisRunner will not be running.
RoslynAnalysisRunner has terminated.
Mono: successfully reloaded assembly
- Completed reload, in  0.993 seconds
Platform modules already initialized, skipping
Refreshing native plugins compatible for Editor in 0.44 ms, found 1 plugins.
Preloading 0 native plugins for Editor in 0.00 ms.
Unloading 1788 Unused Serialized files (Serialized files now loaded: 0)
System memory in use before: 87.5 MB.
System memory in use after: 87.5 MB.

Unloading 12 unused Assets to reduce memory usage. Loaded Objects now: 2257.
Total: 2.559100 ms (FindLiveObjects: 0.232400 ms CreateObjectMapping: 0.097800 ms MarkObjects: 2.091700 ms  DeleteObjects: 0.136100 ms)

========================================================================
Received Import Request.
  Time since last request: 534.107655 seconds.
  path: Assets/Stuffs/Scripts/Hero.cs
  artifactKey: Guid(f71558d0578c3f54186943ac291e83ae) Importer(815301076,1909f56bfc062723c751e8b465ee728b)
Start importing Assets/Stuffs/Scripts/Hero.cs using Guid(f71558d0578c3f54186943ac291e83ae) Importer(815301076,1909f56bfc062723c751e8b465ee728b)  -> (artifact id: 'a8fefd6f4c478273c208bd58677beb4b') in 0.013291 seconds
  Import took 0.019321 seconds .

========================================================================
Received Prepare
Registering precompiled user dll's ...
Registered in 0.001211 seconds.
Begin MonoManager ReloadAssembly
Native extension for WindowsStandalone target not found
Refreshing native plugins compatible for Editor in 0.75 ms, found 1 plugins.
Preloading 0 native plugins for Editor in 0.00 ms.
Invoked RoslynAnalysisRunner static constructor.
RoslynAnalysisRunner will not be running.
RoslynAnalysisRunner has terminated.
Mono: successfully reloaded assembly
- Completed reload, in  1.039 seconds
Platform modules already initialized, skipping
Refreshing native plugins compatible for Editor in 0.41 ms, found 1 plugins.
Preloading 0 native plugins for Editor in 0.00 ms.
Unloading 1788 Unused Serialized files (Serialized files now loaded: 0)
System memory in use before: 87.6 MB.
System memory in use after: 87.6 MB.

Unloading 12 unused Assets to reduce memory usage. Loaded Objects now: 2260.
Total: 2.951400 ms (FindLiveObjects: 0.286100 ms CreateObjectMapping: 0.177100 ms MarkObjects: 2.356200 ms  DeleteObjects: 0.130000 ms)

========================================================================
Received Prepare
Registering precompiled user dll's ...
Registered in 0.001109 seconds.
Begin MonoManager ReloadAssembly
Native extension for WindowsStandalone target not found
Refreshing native plugins compatible for Editor in 0.41 ms, found 1 plugins.
Preloading 0 native plugins for Editor in 0.00 ms.
Invoked RoslynAnalysisRunner static constructor.
RoslynAnalysisRunner will not be running.
RoslynAnalysisRunner has terminated.
Mono: successfully reloaded assembly
- Completed reload, in  0.985 seconds
Platform modules already initialized, skipping
Refreshing native plugins compatible for Editor in 0.42 ms, found 1 plugins.
Preloading 0 native plugins for Editor in 0.00 ms.
Unloading 1788 Unused Serialized files (Serialized files now loaded: 0)
System memory in use before: 87.6 MB.
System memory in use after: 87.6 MB.

Unloading 12 unused Assets to reduce memory usage. Loaded Objects now: 2263.
Total: 3.138800 ms (FindLiveObjects: 0.313300 ms CreateObjectMapping: 0.207800 ms MarkObjects: 2.486700 ms  DeleteObjects: 0.129400 ms)

========================================================================
Received Prepare
Registering precompiled user dll's ...
Registered in 0.001143 seconds.
Begin MonoManager ReloadAssembly
Native extension for WindowsStandalone target not found
Refreshing native plugins compatible for Editor in 0.42 ms, found 1 plugins.
Preloading 0 native plugins for Editor in 0.00 ms.
Invoked RoslynAnalysisRunner static constructor.
RoslynAnalysisRunner will not be running.
RoslynAnalysisRunner has terminated.
Mono: successfully reloaded assembly
- Completed reload, in  0.932 seconds
Platform modules already initialized, skipping
Refreshing native plugins compatible for Editor in 0.42 ms, found 1 plugins.
Preloading 0 native plugins for Editor in 0.00 ms.
Unloading 1788 Unused Serialized files (Serialized files now loaded: 0)
System memory in use before: 87.7 MB.
System memory in use after: 87.7 MB.

Unloading 12 unused Assets to reduce memory usage. Loaded Objects now: 2266.
Total: 2.807000 ms (FindLiveObjects: 0.191300 ms CreateObjectMapping: 0.072500 ms MarkObjects: 2.403900 ms  DeleteObjects: 0.138200 ms)

========================================================================
Received Prepare
Registering precompiled user dll's ...
Registered in 0.001104 seconds.
Begin MonoManager ReloadAssembly
Native extension for WindowsStandalone target not found
Refreshing native plugins compatible for Editor in 0.41 ms, found 1 plugins.
Preloading 0 native plugins for Editor in 0.00 ms.
Invoked RoslynAnalysisRunner static constructor.
RoslynAnalysisRunner will not be running.
RoslynAnalysisRunner has terminated.
Mono: successfully reloaded assembly
- Completed reload, in  0.961 seconds
Platform modules already initialized, skipping
Refreshing native plugins compatible for Editor in 0.41 ms, found 1 plugins.
Preloading 0 native plugins for Editor in 0.00 ms.
Unloading 1788 Unused Serialized files (Serialized files now loaded: 0)
System memory in use before: 87.8 MB.
System memory in use after: 87.8 MB.

Unloading 12 unused Assets to reduce memory usage. Loaded Objects now: 2269.
Total: 2.998500 ms (FindLiveObjects: 0.305500 ms CreateObjectMapping: 0.096000 ms MarkObjects: 2.454800 ms  DeleteObjects: 0.140800 ms)

========================================================================
Received Prepare
Registering precompiled user dll's ...
Registered in 0.001148 seconds.
Begin MonoManager ReloadAssembly
Native extension for WindowsStandalone target not found
Refreshing native plugins compatible for Editor in 0.42 ms, found 1 plugins.
Preloading 0 native plugins for Editor in 0.00 ms.
Invoked RoslynAnalysisRunner static constructor.
RoslynAnalysisRunner will not be running.
RoslynAnalysisRunner has terminated.
Mono: successfully reloaded assembly
- Completed reload, in  0.949 seconds
Platform modules already initialized, skipping
Refreshing native plugins compatible for Editor in 0.42 ms, found 1 plugins.
Preloading 0 native plugins for Editor in 0.00 ms.
Unloading 1788 Unused Serialized files (Serialized files now loaded: 0)
System memory in use before: 87.8 MB.
System memory in use after: 87.8 MB.

Unloading 12 unused Assets to reduce memory usage. Loaded Objects now: 2272.
Total: 2.570300 ms (FindLiveObjects: 0.223000 ms CreateObjectMapping: 0.073300 ms MarkObjects: 2.137300 ms  DeleteObjects: 0.135100 ms)

========================================================================
Received Prepare
Registering precompiled user dll's ...
Registered in 0.001820 seconds.
Begin MonoManager ReloadAssembly
Native extension for WindowsStandalone target not found
Refreshing native plugins compatible for Editor in 0.41 ms, found 1 plugins.
Preloading 0 native plugins for Editor in 0.00 ms.
Invoked RoslynAnalysisRunner static constructor.
RoslynAnalysisRunner will not be running.
RoslynAnalysisRunner has terminated.
Mono: successfully reloaded assembly
- Completed reload, in  0.938 seconds
Platform modules already initialized, skipping
Refreshing native plugins compatible for Editor in 0.43 ms, found 1 plugins.
Preloading 0 native plugins for Editor in 0.00 ms.
Unloading 1788 Unused Serialized files (Serialized files now loaded: 0)
System memory in use before: 87.9 MB.
System memory in use after: 87.9 MB.

Unloading 12 unused Assets to reduce memory usage. Loaded Objects now: 2275.
Total: 3.215600 ms (FindLiveObjects: 0.314500 ms CreateObjectMapping: 0.169700 ms MarkObjects: 2.597800 ms  DeleteObjects: 0.132600 ms)

========================================================================
Received Prepare
Registering precompiled user dll's ...
Registered in 0.001206 seconds.
Begin MonoManager ReloadAssembly
Native extension for WindowsStandalone target not found
Refreshing native plugins compatible for Editor in 0.41 ms, found 1 plugins.
Preloading 0 native plugins for Editor in 0.00 ms.
Invoked RoslynAnalysisRunner static constructor.
RoslynAnalysisRunner will not be running.
RoslynAnalysisRunner has terminated.
Mono: successfully reloaded assembly
- Completed reload, in  0.964 seconds
Platform modules already initialized, skipping
Refreshing native plugins compatible for Editor in 0.45 ms, found 1 plugins.
Preloading 0 native plugins for Editor in 0.00 ms.
Unloading 1788 Unused Serialized files (Serialized files now loaded: 0)
System memory in use before: 88.0 MB.
System memory in use after: 88.0 MB.

Unloading 12 unused Assets to reduce memory usage. Loaded Objects now: 2278.
Total: 2.683600 ms (FindLiveObjects: 0.204000 ms CreateObjectMapping: 0.075500 ms MarkObjects: 2.254700 ms  DeleteObjects: 0.148400 ms)

========================================================================
Received Prepare
Registering precompiled user dll's ...
Registered in 0.001243 seconds.
Begin MonoManager ReloadAssembly
Native extension for WindowsStandalone target not found
Refreshing native plugins compatible for Editor in 0.43 ms, found 1 plugins.
Preloading 0 native plugins for Editor in 0.00 ms.
Invoked RoslynAnalysisRunner static constructor.
RoslynAnalysisRunner will not be running.
RoslynAnalysisRunner has terminated.
Mono: successfully reloaded assembly
- Completed reload, in  1.013 seconds
Platform modules already initialized, skipping
Refreshing native plugins compatible for Editor in 0.42 ms, found 1 plugins.
Preloading 0 native plugins for Editor in 0.00 ms.
Unloading 1788 Unused Serialized files (Serialized files now loaded: 0)
System memory in use before: 88.0 MB.
System memory in use after: 88.0 MB.

Unloading 12 unused Assets to reduce memory usage. Loaded Objects now: 2281.
Total: 2.958900 ms (FindLiveObjects: 0.295700 ms CreateObjectMapping: 0.180900 ms MarkObjects: 2.357300 ms  DeleteObjects: 0.123800 ms)

========================================================================
Received Prepare
Registering precompiled user dll's ...
Registered in 0.001138 seconds.
Begin MonoManager ReloadAssembly
Native extension for WindowsStandalone target not found
Refreshing native plugins compatible for Editor in 0.44 ms, found 1 plugins.
Preloading 0 native plugins for Editor in 0.00 ms.
Invoked RoslynAnalysisRunner static constructor.
RoslynAnalysisRunner will not be running.
RoslynAnalysisRunner has terminated.
Mono: successfully reloaded assembly
- Completed reload, in  0.942 seconds
Platform modules already initialized, skipping
Refreshing native plugins compatible for Editor in 0.41 ms, found 1 plugins.
Preloading 0 native plugins for Editor in 0.00 ms.
Unloading 1788 Unused Serialized files (Serialized files now loaded: 0)
System memory in use before: 88.1 MB.
System memory in use after: 88.1 MB.

Unloading 12 unused Assets to reduce memory usage. Loaded Objects now: 2284.
Total: 2.325400 ms (FindLiveObjects: 0.267000 ms CreateObjectMapping: 0.076800 ms MarkObjects: 1.848200 ms  DeleteObjects: 0.132300 ms)

========================================================================
Received Prepare
Registering precompiled user dll's ...
Registered in 0.001203 seconds.
Begin MonoManager ReloadAssembly
Native extension for WindowsStandalone target not found
Refreshing native plugins compatible for Editor in 0.41 ms, found 1 plugins.
Preloading 0 native plugins for Editor in 0.00 ms.
Invoked RoslynAnalysisRunner static constructor.
RoslynAnalysisRunner will not be running.
RoslynAnalysisRunner has terminated.
Mono: successfully reloaded assembly
- Completed reload, in  0.961 seconds
Platform modules already initialized, skipping
Refreshing native plugins compatible for Editor in 0.40 ms, found 1 plugins.
Preloading 0 native plugins for Editor in 0.00 ms.
Unloading 1788 Unused Serialized files (Serialized files now loaded: 0)
System memory in use before: 88.2 MB.
System memory in use after: 88.2 MB.

Unloading 12 unused Assets to reduce memory usage. Loaded Objects now: 2287.
Total: 2.587300 ms (FindLiveObjects: 0.279800 ms CreateObjectMapping: 0.079400 ms MarkObjects: 2.094600 ms  DeleteObjects: 0.132700 ms)

========================================================================
Received Prepare
Registering precompiled user dll's ...
Registered in 0.001237 seconds.
Begin MonoManager ReloadAssembly
Native extension for WindowsStandalone target not found
Refreshing native plugins compatible for Editor in 0.41 ms, found 1 plugins.
Preloading 0 native plugins for Editor in 0.00 ms.
Invoked RoslynAnalysisRunner static constructor.
RoslynAnalysisRunner will not be running.
RoslynAnalysisRunner has terminated.
Mono: successfully reloaded assembly
- Completed reload, in  0.951 seconds
Platform modules already initialized, skipping
Refreshing native plugins compatible for Editor in 0.42 ms, found 1 plugins.
Preloading 0 native plugins for Editor in 0.00 ms.
Unloading 1788 Unused Serialized files (Serialized files now loaded: 0)
System memory in use before: 88.2 MB.
System memory in use after: 88.2 MB.

Unloading 12 unused Assets to reduce memory usage. Loaded Objects now: 2290.
Total: 2.875800 ms (FindLiveObjects: 0.381200 ms CreateObjectMapping: 0.124100 ms MarkObjects: 2.229000 ms  DeleteObjects: 0.140000 ms)

========================================================================
Received Prepare
Registering precompiled user dll's ...
Registered in 0.001137 seconds.
Begin MonoManager ReloadAssembly
Native extension for WindowsStandalone target not found
Refreshing native plugins compatible for Editor in 0.40 ms, found 1 plugins.
Preloading 0 native plugins for Editor in 0.00 ms.
Invoked RoslynAnalysisRunner static constructor.
RoslynAnalysisRunner will not be running.
RoslynAnalysisRunner has terminated.
Mono: successfully reloaded assembly
- Completed reload, in  0.930 seconds
Platform modules already initialized, skipping
Refreshing native plugins compatible for Editor in 0.42 ms, found 1 plugins.
Preloading 0 native plugins for Editor in 0.00 ms.
Unloading 1788 Unused Serialized files (Serialized files now loaded: 0)
System memory in use before: 88.3 MB.
System memory in use after: 88.3 MB.

Unloading 12 unused Assets to reduce memory usage. Loaded Objects now: 2293.
Total: 2.903300 ms (FindLiveObjects: 0.223800 ms CreateObjectMapping: 0.095600 ms MarkObjects: 2.416800 ms  DeleteObjects: 0.166100 ms)

========================================================================
Received Prepare
Registering precompiled user dll's ...
Registered in 0.001117 seconds.
Begin MonoManager ReloadAssembly
Native extension for WindowsStandalone target not found
Refreshing native plugins compatible for Editor in 0.41 ms, found 1 plugins.
Preloading 0 native plugins for Editor in 0.00 ms.
Invoked RoslynAnalysisRunner static constructor.
RoslynAnalysisRunner will not be running.
RoslynAnalysisRunner has terminated.
Mono: successfully reloaded assembly
- Completed reload, in  0.917 seconds
Platform modules already initialized, skipping
Refreshing native plugins compatible for Editor in 0.40 ms, found 1 plugins.
Preloading 0 native plugins for Editor in 0.00 ms.
Unloading 1788 Unused Serialized files (Serialized files now loaded: 0)
System memory in use before: 88.4 MB.
System memory in use after: 88.4 MB.

Unloading 12 unused Assets to reduce memory usage. Loaded Objects now: 2296.
Total: 2.603800 ms (FindLiveObjects: 0.234700 ms CreateObjectMapping: 0.097800 ms MarkObjects: 2.142900 ms  DeleteObjects: 0.127300 ms)

========================================================================
Received Prepare
Registering precompiled user dll's ...
Registered in 0.001170 seconds.
Begin MonoManager ReloadAssembly
Native extension for WindowsStandalone target not found
Refreshing native plugins compatible for Editor in 0.69 ms, found 1 plugins.
Preloading 0 native plugins for Editor in 0.00 ms.
Invoked RoslynAnalysisRunner static constructor.
RoslynAnalysisRunner will not be running.
RoslynAnalysisRunner has terminated.
Mono: successfully reloaded assembly
- Completed reload, in  0.937 seconds
Platform modules already initialized, skipping
Refreshing native plugins compatible for Editor in 0.43 ms, found 1 plugins.
Preloading 0 native plugins for Editor in 0.00 ms.
Unloading 1788 Unused Serialized files (Serialized files now loaded: 0)
System memory in use before: 88.4 MB.
System memory in use after: 88.4 MB.

Unloading 12 unused Assets to reduce memory usage. Loaded Objects now: 2299.
Total: 2.199100 ms (FindLiveObjects: 0.200900 ms CreateObjectMapping: 0.074700 ms MarkObjects: 1.791100 ms  DeleteObjects: 0.131300 ms)

========================================================================
Received Prepare
Registering precompiled user dll's ...
Registered in 0.001123 seconds.
Begin MonoManager ReloadAssembly
Native extension for WindowsStandalone target not found
Refreshing native plugins compatible for Editor in 0.60 ms, found 1 plugins.
Preloading 0 native plugins for Editor in 0.00 ms.
Invoked RoslynAnalysisRunner static constructor.
RoslynAnalysisRunner will not be running.
RoslynAnalysisRunner has terminated.
Mono: successfully reloaded assembly
- Completed reload, in  0.935 seconds
Platform modules already initialized, skipping
Refreshing native plugins compatible for Editor in 0.45 ms, found 1 plugins.
Preloading 0 native plugins for Editor in 0.00 ms.
Unloading 1788 Unused Serialized files (Serialized files now loaded: 0)
System memory in use before: 88.5 MB.
System memory in use after: 88.5 MB.

Unloading 12 unused Assets to reduce memory usage. Loaded Objects now: 2302.
Total: 2.711500 ms (FindLiveObjects: 0.367800 ms CreateObjectMapping: 0.123200 ms MarkObjects: 2.076600 ms  DeleteObjects: 0.142500 ms)

========================================================================
Received Prepare
Registering precompiled user dll's ...
Registered in 0.001130 seconds.
Begin MonoManager ReloadAssembly
Native extension for WindowsStandalone target not found
Refreshing native plugins compatible for Editor in 0.42 ms, found 1 plugins.
Preloading 0 native plugins for Editor in 0.00 ms.
Invoked RoslynAnalysisRunner static constructor.
RoslynAnalysisRunner will not be running.
RoslynAnalysisRunner has terminated.
Mono: successfully reloaded assembly
- Completed reload, in  0.961 seconds
Platform modules already initialized, skipping
Refreshing native plugins compatible for Editor in 0.41 ms, found 1 plugins.
Preloading 0 native plugins for Editor in 0.00 ms.
Unloading 1788 Unused Serialized files (Serialized files now loaded: 0)
System memory in use before: 88.6 MB.
System memory in use after: 88.6 MB.

Unloading 12 unused Assets to reduce memory usage. Loaded Objects now: 2305.
Total: 3.394700 ms (FindLiveObjects: 0.343700 ms CreateObjectMapping: 0.195200 ms MarkObjects: 2.720700 ms  DeleteObjects: 0.133600 ms)

========================================================================
Received Prepare
Registering precompiled user dll's ...
Registered in 0.001155 seconds.
Begin MonoManager ReloadAssembly
Native extension for WindowsStandalone target not found
Refreshing native plugins compatible for Editor in 0.42 ms, found 1 plugins.
Preloading 0 native plugins for Editor in 0.00 ms.
Invoked RoslynAnalysisRunner static constructor.
RoslynAnalysisRunner will not be running.
RoslynAnalysisRunner has terminated.
Mono: successfully reloaded assembly
- Completed reload, in  0.992 seconds
Platform modules already initialized, skipping
Refreshing native plugins compatible for Editor in 0.67 ms, found 1 plugins.
Preloading 0 native plugins for Editor in 0.00 ms.
Unloading 1788 Unused Serialized files (Serialized files now loaded: 0)
System memory in use before: 88.6 MB.
System memory in use after: 88.6 MB.

Unloading 12 unused Assets to reduce memory usage. Loaded Objects now: 2308.
Total: 2.855100 ms (FindLiveObjects: 0.392300 ms CreateObjectMapping: 0.146600 ms MarkObjects: 2.168700 ms  DeleteObjects: 0.146100 ms)

========================================================================
Received Prepare
Registering precompiled user dll's ...
Registered in 0.001100 seconds.
Begin MonoManager ReloadAssembly
Native extension for WindowsStandalone target not found
Refreshing native plugins compatible for Editor in 0.40 ms, found 1 plugins.
Preloading 0 native plugins for Editor in 0.00 ms.
Invoked RoslynAnalysisRunner static constructor.
RoslynAnalysisRunner will not be running.
RoslynAnalysisRunner has terminated.
Mono: successfully reloaded assembly
- Completed reload, in  0.915 seconds
Platform modules already initialized, skipping
Refreshing native plugins compatible for Editor in 0.40 ms, found 1 plugins.
Preloading 0 native plugins for Editor in 0.00 ms.
Unloading 1788 Unused Serialized files (Serialized files now loaded: 0)
System memory in use before: 88.7 MB.
System memory in use after: 88.7 MB.

Unloading 12 unused Assets to reduce memory usage. Loaded Objects now: 2311.
Total: 2.747300 ms (FindLiveObjects: 0.246000 ms CreateObjectMapping: 0.097300 ms MarkObjects: 2.272100 ms  DeleteObjects: 0.130700 ms)

========================================================================
Received Prepare
Registering precompiled user dll's ...
Registered in 0.001171 seconds.
Begin MonoManager ReloadAssembly
Native extension for WindowsStandalone target not found
Refreshing native plugins compatible for Editor in 0.42 ms, found 1 plugins.
Preloading 0 native plugins for Editor in 0.00 ms.
Invoked RoslynAnalysisRunner static constructor.
RoslynAnalysisRunner will not be running.
RoslynAnalysisRunner has terminated.
Mono: successfully reloaded assembly
- Completed reload, in  0.940 seconds
Platform modules already initialized, skipping
Refreshing native plugins compatible for Editor in 0.44 ms, found 1 plugins.
Preloading 0 native plugins for Editor in 0.00 ms.
Unloading 1788 Unused Serialized files (Serialized files now loaded: 0)
System memory in use before: 88.8 MB.
System memory in use after: 88.8 MB.

Unloading 12 unused Assets to reduce memory usage. Loaded Objects now: 2314.
Total: 2.902100 ms (FindLiveObjects: 0.305600 ms CreateObjectMapping: 0.193200 ms MarkObjects: 2.278200 ms  DeleteObjects: 0.124100 ms)

========================================================================
Received Import Request.
  Time since last request: 3390.422058 seconds.
  path: Assets/Stuffs/Prefabs/Hero.prefab
  artifactKey: Guid(053f4bd7e37a2b44c91c35a78197896d) Importer(815301076,1909f56bfc062723c751e8b465ee728b)
Start importing Assets/Stuffs/Prefabs/Hero.prefab using Guid(053f4bd7e37a2b44c91c35a78197896d) Importer(815301076,1909f56bfc062723c751e8b465ee728b)  -> (artifact id: '0f9078ea358f37573f6d43d7a7878a59') in 0.081931 seconds
  Import took 0.086427 seconds .

========================================================================
Received Import Request.
  Time since last request: 501.205317 seconds.
  path: Assets/Stuffs/Hero/Idle/frame-1.png
  artifactKey: Guid(c04069ec3616d1840bfb0c4452e91fae) Importer(815301076,1909f56bfc062723c751e8b465ee728b)
Start importing Assets/Stuffs/Hero/Idle/frame-1.png using Guid(c04069ec3616d1840bfb0c4452e91fae) Importer(815301076,1909f56bfc062723c751e8b465ee728b)  -> (artifact id: 'c1e05d3461cf91067b5d4e87a97fed82') in 0.048714 seconds
  Import took 0.052898 seconds .

========================================================================
Received Import Request.
  Time since last request: 0.000233 seconds.
  path: Assets/Stuffs/Hero/Idle/frame-2.png
  artifactKey: Guid(c1c46f287c1a5d34baf2cf0f158290a8) Importer(815301076,1909f56bfc062723c751e8b465ee728b)
Start importing Assets/Stuffs/Hero/Idle/frame-2.png using Guid(c1c46f287c1a5d34baf2cf0f158290a8) Importer(815301076,1909f56bfc062723c751e8b465ee728b)  -> (artifact id: '54aeb9a65b896d3058b75bc0ef987c81') in 0.027152 seconds
  Import took 0.031616 seconds .

========================================================================
Received Import Request.
  Time since last request: 193.201156 seconds.
  path: Assets/Animations
  artifactKey: Guid(eb4a7d721c0c6e54b87a316f719fad74) Importer(815301076,1909f56bfc062723c751e8b465ee728b)
Start importing Assets/Animations using Guid(eb4a7d721c0c6e54b87a316f719fad74) Importer(815301076,1909f56bfc062723c751e8b465ee728b)  -> (artifact id: 'a9cfa5640cdf2340df2e082e31bcbcfb') in 0.010532 seconds
  Import took 0.014577 seconds .

========================================================================
Received Import Request.
  Time since last request: 1.689734 seconds.
  path: Assets/Animations/test_animation.anim
  artifactKey: Guid(ac84411bf89362b4294bb82532582a6b) Importer(815301076,1909f56bfc062723c751e8b465ee728b)
Start importing Assets/Animations/test_animation.anim using Guid(ac84411bf89362b4294bb82532582a6b) Importer(815301076,1909f56bfc062723c751e8b465ee728b)  -> (artifact id: '13380b6d1833e01d9dd670975f52bf32') in 0.014032 seconds
  Import took 0.017724 seconds .

========================================================================
Received Prepare
Registering precompiled user dll's ...
Registered in 0.001154 seconds.
Begin MonoManager ReloadAssembly
Native extension for WindowsStandalone target not found
Refreshing native plugins compatible for Editor in 0.40 ms, found 1 plugins.
Preloading 0 native plugins for Editor in 0.00 ms.
Invoked RoslynAnalysisRunner static constructor.
RoslynAnalysisRunner will not be running.
RoslynAnalysisRunner has terminated.
Mono: successfully reloaded assembly
- Completed reload, in  0.917 seconds
Platform modules already initialized, skipping
Refreshing native plugins compatible for Editor in 0.43 ms, found 1 plugins.
Preloading 0 native plugins for Editor in 0.00 ms.
Unloading 1788 Unused Serialized files (Serialized files now loaded: 0)
System memory in use before: 88.9 MB.
System memory in use after: 88.9 MB.

Unloading 12 unused Assets to reduce memory usage. Loaded Objects now: 2318.
Total: 2.899800 ms (FindLiveObjects: 0.267200 ms CreateObjectMapping: 0.166300 ms MarkObjects: 2.334700 ms  DeleteObjects: 0.130000 ms)

========================================================================
Received Import Request.
  Time since last request: 6.906913 seconds.
  path: Assets/Animations/idle.anim
  artifactKey: Guid(ac84411bf89362b4294bb82532582a6b) Importer(815301076,1909f56bfc062723c751e8b465ee728b)
Start importing Assets/Animations/idle.anim using Guid(ac84411bf89362b4294bb82532582a6b) Importer(815301076,1909f56bfc062723c751e8b465ee728b)  -> (artifact id: 'c08e9eaf1aa2ac89fc231fe12629f700') in 0.039116 seconds
  Import took 0.043729 seconds .

========================================================================
Received Import Request.
  Time since last request: 4.709579 seconds.
  path: Assets/Animations/Hero.controller
  artifactKey: Guid(ac2cb3614e01b974f977d67e89208bf1) Importer(815301076,1909f56bfc062723c751e8b465ee728b)
Start importing Assets/Animations/Hero.controller using Guid(ac2cb3614e01b974f977d67e89208bf1) Importer(815301076,1909f56bfc062723c751e8b465ee728b)  -> (artifact id: 'f57d6502bba816d238ed8f62bb6142e9') in 0.007538 seconds
  Import took 0.011636 seconds .

========================================================================
Received Prepare
Registering precompiled user dll's ...
Registered in 0.002225 seconds.
Begin MonoManager ReloadAssembly
Native extension for WindowsStandalone target not found
Refreshing native plugins compatible for Editor in 0.45 ms, found 1 plugins.
Preloading 0 native plugins for Editor in 0.00 ms.
Invoked RoslynAnalysisRunner static constructor.
RoslynAnalysisRunner will not be running.
RoslynAnalysisRunner has terminated.
Mono: successfully reloaded assembly
- Completed reload, in  1.101 seconds
Platform modules already initialized, skipping
Refreshing native plugins compatible for Editor in 0.60 ms, found 1 plugins.
Preloading 0 native plugins for Editor in 0.00 ms.
Unloading 1788 Unused Serialized files (Serialized files now loaded: 0)
System memory in use before: 88.9 MB.
System memory in use after: 88.9 MB.

Unloading 12 unused Assets to reduce memory usage. Loaded Objects now: 2321.
Total: 2.934200 ms (FindLiveObjects: 0.271800 ms CreateObjectMapping: 0.090600 ms MarkObjects: 2.424200 ms  DeleteObjects: 0.145800 ms)

========================================================================
Received Prepare
Registering precompiled user dll's ...
Registered in 0.001180 seconds.
Begin MonoManager ReloadAssembly
Native extension for WindowsStandalone target not found
Refreshing native plugins compatible for Editor in 0.49 ms, found 1 plugins.
Preloading 0 native plugins for Editor in 0.00 ms.
Invoked RoslynAnalysisRunner static constructor.
RoslynAnalysisRunner will not be running.
RoslynAnalysisRunner has terminated.
Mono: successfully reloaded assembly
- Completed reload, in  1.001 seconds
Platform modules already initialized, skipping
Refreshing native plugins compatible for Editor in 0.43 ms, found 1 plugins.
Preloading 0 native plugins for Editor in 0.00 ms.
Unloading 1788 Unused Serialized files (Serialized files now loaded: 0)
System memory in use before: 89.0 MB.
System memory in use after: 89.0 MB.

Unloading 12 unused Assets to reduce memory usage. Loaded Objects now: 2324.
Total: 2.759700 ms (FindLiveObjects: 0.482800 ms CreateObjectMapping: 0.199800 ms MarkObjects: 1.936600 ms  DeleteObjects: 0.137800 ms)

========================================================================
Received Prepare
Registering precompiled user dll's ...
Registered in 0.001158 seconds.
Begin MonoManager ReloadAssembly
Native extension for WindowsStandalone target not found
Refreshing native plugins compatible for Editor in 0.43 ms, found 1 plugins.
Preloading 0 native plugins for Editor in 0.00 ms.
Invoked RoslynAnalysisRunner static constructor.
RoslynAnalysisRunner will not be running.
RoslynAnalysisRunner has terminated.
Mono: successfully reloaded assembly
- Completed reload, in  1.106 seconds
Platform modules already initialized, skipping
Refreshing native plugins compatible for Editor in 0.51 ms, found 1 plugins.
Preloading 0 native plugins for Editor in 0.00 ms.
Unloading 1788 Unused Serialized files (Serialized files now loaded: 0)
System memory in use before: 89.1 MB.
System memory in use after: 89.1 MB.

Unloading 12 unused Assets to reduce memory usage. Loaded Objects now: 2327.
Total: 2.941000 ms (FindLiveObjects: 0.244800 ms CreateObjectMapping: 0.105600 ms MarkObjects: 2.424900 ms  DeleteObjects: 0.164300 ms)

========================================================================
Received Prepare
Registering precompiled user dll's ...
Registered in 0.001443 seconds.
Begin MonoManager ReloadAssembly
Native extension for WindowsStandalone target not found
Refreshing native plugins compatible for Editor in 0.47 ms, found 1 plugins.
Preloading 0 native plugins for Editor in 0.00 ms.
Invoked RoslynAnalysisRunner static constructor.
RoslynAnalysisRunner will not be running.
RoslynAnalysisRunner has terminated.
Mono: successfully reloaded assembly
- Completed reload, in  1.419 seconds
Platform modules already initialized, skipping
Refreshing native plugins compatible for Editor in 0.45 ms, found 1 plugins.
Preloading 0 native plugins for Editor in 0.00 ms.
Unloading 1788 Unused Serialized files (Serialized files now loaded: 0)
System memory in use before: 89.1 MB.
System memory in use after: 89.1 MB.

Unloading 12 unused Assets to reduce memory usage. Loaded Objects now: 2330.
Total: 3.549100 ms (FindLiveObjects: 0.438700 ms CreateObjectMapping: 0.211800 ms MarkObjects: 2.739400 ms  DeleteObjects: 0.156600 ms)

========================================================================
Received Import Request.
  Time since last request: 4615.175412 seconds.
  path: Assets/Stuffs/Level Design/Tile.png
  artifactKey: Guid(b4fe097dc8b6a5840bfdb34245fdc779) Importer(815301076,1909f56bfc062723c751e8b465ee728b)
Start importing Assets/Stuffs/Level Design/Tile.png using Guid(b4fe097dc8b6a5840bfdb34245fdc779) Importer(815301076,1909f56bfc062723c751e8b465ee728b)  -> (artifact id: 'd3f3271e9c5056fcff381bfefa911dad') in 0.119184 seconds
  Import took 0.127762 seconds .

========================================================================
Received Import Request.
  Time since last request: 6.023883 seconds.
  path: Assets/Stuffs/Level Design/Tile.png
  artifactKey: Guid(b4fe097dc8b6a5840bfdb34245fdc779) Importer(815301076,1909f56bfc062723c751e8b465ee728b)
Start importing Assets/Stuffs/Level Design/Tile.png using Guid(b4fe097dc8b6a5840bfdb34245fdc779) Importer(815301076,1909f56bfc062723c751e8b465ee728b)  -> (artifact id: '8c3c20fe6e702b1453d306af58705ac9') in 0.029761 seconds
  Import took 0.036811 seconds .

========================================================================
Received Import Request.
  Time since last request: 193.230340 seconds.
  path: Assets/Stuffs/Prefabs/Tile.prefab
  artifactKey: Guid(07b91eeec7359c947950eb89ad31eedc) Importer(815301076,1909f56bfc062723c751e8b465ee728b)
Start importing Assets/Stuffs/Prefabs/Tile.prefab using Guid(07b91eeec7359c947950eb89ad31eedc) Importer(815301076,1909f56bfc062723c751e8b465ee728b)  -> (artifact id: 'da62e808e7cda482c5d2daa94d95f628') in 0.085256 seconds
  Import took 0.094248 seconds .

========================================================================
Received Prepare
Registering precompiled user dll's ...
Registered in 0.001379 seconds.
Begin MonoManager ReloadAssembly
Native extension for WindowsStandalone target not found
Refreshing native plugins compatible for Editor in 0.66 ms, found 1 plugins.
Preloading 0 native plugins for Editor in 0.00 ms.
Invoked RoslynAnalysisRunner static constructor.
RoslynAnalysisRunner will not be running.
RoslynAnalysisRunner has terminated.
Mono: successfully reloaded assembly
- Completed reload, in  1.709 seconds
Platform modules already initialized, skipping
Refreshing native plugins compatible for Editor in 0.55 ms, found 1 plugins.
Preloading 0 native plugins for Editor in 0.00 ms.
Unloading 1788 Unused Serialized files (Serialized files now loaded: 0)
System memory in use before: 89.2 MB.
System memory in use after: 89.2 MB.

Unloading 12 unused Assets to reduce memory usage. Loaded Objects now: 2334.
Total: 5.632700 ms (FindLiveObjects: 0.558100 ms CreateObjectMapping: 0.194800 ms MarkObjects: 4.633300 ms  DeleteObjects: 0.242300 ms)

========================================================================
Received Prepare
Registering precompiled user dll's ...
Registered in 0.001275 seconds.
Begin MonoManager ReloadAssembly
Native extension for WindowsStandalone target not found
Refreshing native plugins compatible for Editor in 0.87 ms, found 1 plugins.
Preloading 0 native plugins for Editor in 0.00 ms.
Invoked RoslynAnalysisRunner static constructor.
RoslynAnalysisRunner will not be running.
RoslynAnalysisRunner has terminated.
Mono: successfully reloaded assembly
- Completed reload, in  1.075 seconds
Platform modules already initialized, skipping
Refreshing native plugins compatible for Editor in 0.55 ms, found 1 plugins.
Preloading 0 native plugins for Editor in 0.00 ms.
Unloading 1788 Unused Serialized files (Serialized files now loaded: 0)
System memory in use before: 89.3 MB.
System memory in use after: 89.3 MB.

Unloading 12 unused Assets to reduce memory usage. Loaded Objects now: 2337.
Total: 2.839000 ms (FindLiveObjects: 0.236800 ms CreateObjectMapping: 0.094800 ms MarkObjects: 2.381000 ms  DeleteObjects: 0.124800 ms)

AssetImportWorkerClient::OnTransportError - code=2 error=End of file
